<?xml version="1.0" encoding="UTF-8"?>
<testng-results skipped="0" failed="0" ignored="0" total="1" passed="1">
  <reporter-output>
  </reporter-output>
  <suite name="Default suite" duration-ms="40552" started-at="2020-04-07T10:20:37Z" finished-at="2020-04-07T10:21:18Z">
    <groups>
    </groups>
    <test name="Default test" duration-ms="40552" started-at="2020-04-07T10:20:37Z" finished-at="2020-04-07T10:21:18Z">
      <class name="Practice.DummyProject.LoadTest01Test">
        <test-method status="PASS" signature="setUp()[pri:0, instance:Practice.DummyProject.LoadTest01Test@cb5822]" name="setUp" is-config="true" duration-ms="9707" started-at="2020-04-07T15:50:37Z" finished-at="2020-04-07T15:50:47Z">
          <reporter-output>
          </reporter-output>
        </test-method> <!-- setUp -->
        <test-method status="PASS" signature="loginPageTitleTest()[pri:1, instance:Practice.DummyProject.LoadTest01Test@cb5822]" name="loginPageTitleTest" duration-ms="30124" started-at="2020-04-07T15:50:47Z" finished-at="2020-04-07T15:51:17Z">
          <reporter-output>
          </reporter-output>
        </test-method> <!-- loginPageTitleTest -->
        <test-method status="PASS" signature="tearDown()[pri:0, instance:Practice.DummyProject.LoadTest01Test@cb5822]" name="tearDown" is-config="true" duration-ms="698" started-at="2020-04-07T15:51:17Z" finished-at="2020-04-07T15:51:18Z">
          <reporter-output>
          </reporter-output>
        </test-method> <!-- tearDown -->
      </class> <!-- Practice.DummyProject.LoadTest01Test -->
    </test> <!-- Default test -->
  </suite> <!-- Default suite -->
</testng-results>
